<?xml version="1.0" encoding="UTF-8"?>
<!-- Generated by org.testng.reporters.JUnitXMLReporter -->
<testsuite hostname="C40GF56BMS" ignored="0" name="RevFlow R6 Login Test" tests="2" failures="2" timestamp="24 Aug 2018 06:42:49 GMT" time="4.589" errors="0">
  <testcase name="LogOutTest" time="0.023" classname="com.revflow.testcase.TestCase001">
    <failure type="java.lang.NullPointerException">
      <![CDATA[java.lang.NullPointerException
	at org.openqa.selenium.support.pagefactory.DefaultElementLocator.findElement(DefaultElementLocator.java:69)
	at org.openqa.selenium.support.pagefactory.internal.LocatingElementHandler.invoke(LocatingElementHandler.java:38)
	at com.sun.proxy.$Proxy9.click(Unknown Source)
	at com.revflow.page.HomePage.clickAdminLink(HomePage.java:81)
	at com.revflow.testcase.TestCase001.LogOutTest(TestCase001.java:48)
... Removed 28 stack frames]]>
    </failure>
  </testcase> <!-- LogOutTest -->
  <testcase name="LoginTest" time="0.002" classname="com.revflow.testcase.TestCase001">
    <failure type="java.lang.NullPointerException">
      <![CDATA[java.lang.NullPointerException
	at com.google.common.base.Preconditions.checkNotNull(Preconditions.java:882)
	at org.openqa.selenium.support.ui.FluentWait.<init>(FluentWait.java:104)
	at org.openqa.selenium.support.ui.WebDriverWait.<init>(WebDriverWait.java:71)
	at org.openqa.selenium.support.ui.WebDriverWait.<init>(WebDriverWait.java:45)
	at com.revflow.page.Login.verifyPageLoaded(Login.java:161)
	at com.revflow.testcase.TestCase001.LoginTest(TestCase001.java:34)
... Removed 28 stack frames]]>
    </failure>
  </testcase> <!-- LoginTest -->
</testsuite> <!-- RevFlow R6 Login Test -->
