<?xml version="1.0" encoding="UTF-8"?>
<testng-results skipped="0" failed="0" ignored="0" total="2" passed="2">
  <reporter-output>
  </reporter-output>
  <suite name="Data Driven Basics" duration-ms="6509" started-at="2018-08-24T07:05:56Z" finished-at="2018-08-24T07:06:03Z">
    <groups>
    </groups>
    <test name="RevFlow R6 Login Test" duration-ms="6509" started-at="2018-08-24T07:05:56Z" finished-at="2018-08-24T07:06:03Z">
      <class name="com.revflow.testcase.TestCase001">
        <test-method status="PASS" signature="setUp()[pri:0, instance:com.revflow.testcase.TestCase001@5fd4f8f5]" name="setUp" is-config="true" duration-ms="16" started-at="2018-08-24T12:35:56Z" finished-at="2018-08-24T12:35:56Z">
          <reporter-output>
          </reporter-output>
        </test-method> <!-- setUp -->
        <test-method status="PASS" signature="beforeTest()[pri:0, instance:com.revflow.testcase.TestCase001@5fd4f8f5]" name="beforeTest" is-config="true" duration-ms="4562" started-at="2018-08-24T12:35:56Z" finished-at="2018-08-24T12:36:01Z">
          <reporter-output>
          </reporter-output>
        </test-method> <!-- beforeTest -->
        <test-method status="PASS" signature="LoginTest(java.util.Hashtable)[pri:0, instance:com.revflow.testcase.TestCase001@5fd4f8f5]" name="LoginTest" duration-ms="570" started-at="2018-08-24T12:36:01Z" description="To Verify Valid Login in R6 Application" data-provider="dp" finished-at="2018-08-24T12:36:02Z">
          <params>
            <param index="0">
              <value>
                <![CDATA[{alerttext=Customer added successfully, postcode=A234wd, password=rverma@123, runmode=Y, username=rverma}]]>
              </value>
            </param>
          </params>
          <reporter-output>
          </reporter-output>
        </test-method> <!-- LoginTest -->
        <test-method status="PASS" signature="LogOutTest()[pri:2, instance:com.revflow.testcase.TestCase001@5fd4f8f5]" name="LogOutTest" duration-ms="1121" started-at="2018-08-24T12:36:02Z" description="LogOut from R6 Application" finished-at="2018-08-24T12:36:03Z">
          <reporter-output>
          </reporter-output>
        </test-method> <!-- LogOutTest -->
        <test-method status="PASS" signature="tearDown()[pri:0, instance:com.revflow.testcase.TestCase001@5fd4f8f5]" name="tearDown" is-config="true" duration-ms="686" started-at="2018-08-24T12:36:03Z" finished-at="2018-08-24T12:36:04Z">
          <reporter-output>
          </reporter-output>
        </test-method> <!-- tearDown -->
      </class> <!-- com.revflow.testcase.TestCase001 -->
    </test> <!-- RevFlow R6 Login Test -->
  </suite> <!-- Data Driven Basics -->
</testng-results>
